[     327ms] [LOG] [Fast Refresh] rebuilding @ http://localhost:3000/_next/static/chunks/1a5o_next_dist_1ya6gqr._.js:2477
[     386ms] [LOG] [Fast Refresh] done in 162ms @ http://localhost:3000/_next/static/chunks/1a5o_next_dist_1ya6gqr._.js:2477
[    1282ms] [INFO] %cDownload the React DevTools for a better development experience: https://react.dev/link/react-devtools font-weight:bold @ http://localhost:3000/_next/static/chunks/1a5o_next_dist_1ya6gqr._.js:2477
[    1427ms] [LOG] [HMR] connected @ http://localhost:3000/_next/static/chunks/1a5o_next_dist_1ya6gqr._.js:2477
[  187637ms] [LOG] [Fast Refresh] rebuilding @ http://localhost:3000/_next/static/chunks/1a5o_next_dist_1ya6gqr._.js:2477
[  187745ms] [LOG] [Fast Refresh] done in 210ms @ http://localhost:3000/_next/static/chunks/1a5o_next_dist_1ya6gqr._.js:2477
[  279023ms] [LOG] [Fast Refresh] rebuilding @ http://localhost:3000/_next/static/chunks/1a5o_next_dist_1ya6gqr._.js:2477
[  279118ms] [LOG] [Fast Refresh] done in 205ms @ http://localhost:3000/_next/static/chunks/1a5o_next_dist_1ya6gqr._.js:2477
[  281682ms] [LOG] [Fast Refresh] rebuilding @ http://localhost:3000/_next/static/chunks/1a5o_next_dist_1ya6gqr._.js:2477
[  281894ms] [LOG] [Fast Refresh] done in 314ms @ http://localhost:3000/_next/static/chunks/1a5o_next_dist_1ya6gqr._.js:2477
[  980907ms] [LOG] [Fast Refresh] rebuilding @ http://localhost:3000/_next/static/chunks/1a5o_next_dist_1ya6gqr._.js:2477
[  980988ms] [LOG] [Fast Refresh] done in 191ms @ http://localhost:3000/_next/static/chunks/1a5o_next_dist_1ya6gqr._.js:2477
[ 2016949ms] [LOG] [Fast Refresh] rebuilding @ http://localhost:3000/_next/static/chunks/1a5o_next_dist_1ya6gqr._.js:2477
[ 2017478ms] [LOG] [Fast Refresh] done in 665ms @ http://localhost:3000/_next/static/chunks/1a5o_next_dist_1ya6gqr._.js:2477
[ 2053843ms] [LOG] [Fast Refresh] rebuilding @ http://localhost:3000/_next/static/chunks/1a5o_next_dist_1ya6gqr._.js:2477
[ 2053910ms] [LOG] [Fast Refresh] done in 173ms @ http://localhost:3000/_next/static/chunks/1a5o_next_dist_1ya6gqr._.js:2477
[ 2086778ms] [LOG] [Fast Refresh] rebuilding @ http://localhost:3000/_next/static/chunks/1a5o_next_dist_1ya6gqr._.js:2477
[ 2087748ms] [LOG] [Fast Refresh] done in 1253ms @ http://localhost:3000/_next/static/chunks/1a5o_next_dist_1ya6gqr._.js:2477
[ 3785450ms] [LOG] [HMR] connected @ http://localhost:3000/_next/static/chunks/1a5o_next_dist_1ya6gqr._.js:2477
[ 3785592ms] [LOG] [Fast Refresh] rebuilding @ http://localhost:3000/_next/static/chunks/1a5o_next_dist_1ya6gqr._.js:2477
[ 3785597ms] [LOG] [Fast Refresh] done in 109ms @ http://localhost:3000/_next/static/chunks/1a5o_next_dist_1ya6gqr._.js:2477
[ 6872435ms] [LOG] [HMR] connected @ http://localhost:3000/_next/static/chunks/1a5o_next_dist_1ya6gqr._.js:2477
